[INFO ] 2024-02-09 12:02:02.656 [main] UserVerification - The webpage launched....
[INFO ] 2024-02-09 12:02:39.290 [main] UserVerification - The webpage launched....
[INFO ] 2024-02-09 12:03:26.139 [main] UserVerification - The webpage launched....
[INFO ] 2024-02-09 12:03:39.363 [main] UserVerification - The user clicked the account manager....
[INFO ] 2024-02-09 12:03:39.950 [main] UserVerification - Got the username and userId....
[INFO ] 2024-02-09 12:03:39.953 [main] UserVerification - Verified the user information....
[INFO ] 2024-02-09 12:03:40.517 [main] UserVerification - User checks all the news headings....
[INFO ] 2024-02-09 12:04:53.089 [main] UserVerification - User clicked and verified all the news....
[INFO ] 2024-02-09 12:14:17.675 [main] UserVerification - The webpage launched....
[INFO ] 2024-02-09 12:14:30.008 [main] UserVerification - The user clicked the account manager....
[INFO ] 2024-02-09 12:14:30.824 [main] UserVerification - Got the username and userId....
[INFO ] 2024-02-09 12:14:30.828 [main] UserVerification - Verified the user information....
[INFO ] 2024-02-09 12:14:31.306 [main] UserVerification - User checks all the news headings....
[INFO ] 2024-02-09 12:15:52.623 [main] UserVerification - User clicked and verified all the news....[INFO ] 2024-02-09 14:05:24.162 [main] UserVerification - The webpage launched....
[INFO ] 2024-02-09 14:05:40.025 [main] UserVerification - The user clicked the account manager....
[INFO ] 2024-02-09 14:05:41.017 [main] UserVerification - Got the username and userId....
[INFO ] 2024-02-09 14:05:41.019 [main] UserVerification - Verified the user information....
[INFO ] 2024-02-09 14:05:41.574 [main] UserVerification - User checks all the news headings....
[INFO ] 2024-02-09 14:06:50.507 [main] UserVerification - User clicked and verified all the news....
[INFO ] 2024-02-09 14:09:31.945 [main] UserVerification - The webpage launched....
[INFO ] 2024-02-09 14:09:45.279 [main] UserVerification - The user clicked the account manager....
[INFO ] 2024-02-09 14:09:46.031 [main] UserVerification - Got the username and userId....
[INFO ] 2024-02-09 14:09:46.035 [main] UserVerification - Verified the user information....
[INFO ] 2024-02-09 14:09:46.623 [main] UserVerification - User checks all the news headings....
[INFO ] 2024-02-09 14:11:01.046 [main] UserVerification - User clicked and verified all the news....
[INFO ] 2024-02-09 14:11:05.416 [main] UserVerification - Printed the list of apps....
[INFO ] 2024-02-09 14:58:45.085 [main] UserVerification - The webpage launched....
[INFO ] 2024-02-09 15:40:59.696 [main] UserVerification - The webpage launched....
[INFO ] 2024-02-09 15:41:11.956 [main] UserVerification - The user clicked the account manager....
[INFO ] 2024-02-09 15:41:12.650 [main] UserVerification - Got the username and userId....
[INFO ] 2024-02-09 15:41:12.653 [main] UserVerification - Verified the user information....
[INFO ] 2024-02-09 15:41:13.050 [main] UserVerification - User checks all the news headings....
[INFO ] 2024-02-09 15:42:19.329 [main] UserVerification - User clicked and verified all the news....
[INFO ] 2024-02-09 15:42:23.063 [main] UserVerification - Printed the list of apps....
[INFO ] 2024-02-09 15:43:53.625 [main] UserVerification - The webpage launched....
[INFO ] 2024-02-09 15:46:28.267 [main] UserVerification - The webpage launched....
[INFO ] 2024-02-09 15:47:45.223 [main] UserVerification - The webpage launched....
[INFO ] 2024-02-09 15:48:06.090 [main] UserVerification - The user clicked the account manager....
[INFO ] 2024-02-09 15:48:06.732 [main] UserVerification - Got the username and userId....
[INFO ] 2024-02-09 15:48:06.735 [main] UserVerification - Verified the user information....
[INFO ] 2024-02-09 15:48:07.114 [main] UserVerification - User checks all the news headings....
[INFO ] 2024-02-09 15:49:17.508 [main] UserVerification - User clicked and verified all the news....
[INFO ] 2024-02-09 15:49:21.944 [main] UserVerification - Printed the list of apps....
[INFO ] 2024-02-09 15:52:20.326 [main] UserVerification - The webpage launched....
[INFO ] 2024-02-09 15:58:10.016 [main] UserVerification - The webpage launched....
[INFO ] 2024-02-09 16:02:53.487 [main] UserVerification - The webpage launched....
[INFO ] 2024-02-09 16:05:03.122 [main] UserVerification - The webpage launched....
[INFO ] 2024-02-09 16:05:15.468 [main] UserVerification - The user clicked the account manager....
[INFO ] 2024-02-09 16:05:16.451 [main] UserVerification - Got the username and userId....
[INFO ] 2024-02-09 16:05:16.453 [main] UserVerification - Verified the user information....
[INFO ] 2024-02-09 16:05:16.966 [main] UserVerification - User checks all the news headings....
[INFO ] 2024-02-09 16:06:22.395 [main] UserVerification - User clicked and verified all the news....
[INFO ] 2024-02-09 16:06:26.131 [main] UserVerification - Printed the list of apps....
[INFO ] 2024-02-09 16:09:04.359 [main] UserVerification - The webpage launched....
[INFO ] 2024-02-09 16:09:27.431 [main] UserVerification - The user clicked the account manager....
[INFO ] 2024-02-09 16:09:28.141 [main] UserVerification - Got the username and userId....
[INFO ] 2024-02-09 16:09:28.144 [main] UserVerification - Verified the user information....
[INFO ] 2024-02-09 16:09:28.503 [main] UserVerification - User checks all the news headings....
[INFO ] 2024-02-09 16:10:31.757 [main] UserVerification - User clicked and verified all the news....
[INFO ] 2024-02-09 16:10:35.524 [main] UserVerification - Printed the list of apps....
[INFO ] 2024-02-09 16:12:21.596 [main] UserVerification - The webpage launched....
[INFO ] 2024-02-09 16:12:33.919 [main] UserVerification - The user clicked the account manager....
[INFO ] 2024-02-09 16:12:34.529 [main] UserVerification - Got the username and userId....
[INFO ] 2024-02-09 16:12:34.531 [main] UserVerification - Verified the user information....
[INFO ] 2024-02-09 16:12:35.038 [main] UserVerification - User checks all the news headings....
[INFO ] 2024-02-09 16:13:41.421 [main] UserVerification - User clicked and verified all the news....
[INFO ] 2024-02-09 16:13:45.504 [main] UserVerification - Printed the list of apps....
[INFO ] 2024-02-12 10:35:56.002 [main] UserVerification - The webpage launched....
[INFO ] 2024-02-12 10:36:17.264 [main] UserVerification - The user clicked the account manager....
[INFO ] 2024-02-12 10:36:58.481 [main] UserVerification - The webpage launched....
[INFO ] 2024-02-12 10:37:19.224 [main] UserVerification - The user clicked the account manager....
[INFO ] 2024-02-12 10:37:19.369 [main] UserVerification - Got the username and userId....
[INFO ] 2024-02-12 10:37:19.371 [main] UserVerification - Verified the user information....
[INFO ] 2024-02-12 10:37:19.943 [main] UserVerification - User checks all the news headings....
[INFO ] 2024-02-12 10:38:26.722 [main] UserVerification - User clicked and verified all the news....
[INFO ] 2024-02-12 10:38:30.601 [main] UserVerification - Printed the list of apps....
[INFO ] 2024-02-12 11:05:26.222 [main] UserVerification - The webpage launched....
[INFO ] 2024-02-12 11:05:39.410 [main] UserVerification - The user clicked the account manager....
[INFO ] 2024-02-12 11:05:39.547 [main] UserVerification - Got the username and userId....
[INFO ] 2024-02-12 11:05:39.549 [main] UserVerification - Verified the user information....
[INFO ] 2024-02-12 11:05:40.032 [main] UserVerification - User checks all the news headings....
[INFO ] 2024-02-12 11:11:43.296 [main] UserVerification - The webpage launched....
[INFO ] 2024-02-12 11:11:55.666 [main] UserVerification - The user clicked the account manager....
[INFO ] 2024-02-12 11:11:55.775 [main] UserVerification - Got the username and userId....
[INFO ] 2024-02-12 11:11:55.778 [main] UserVerification - Verified the user information....
[INFO ] 2024-02-12 11:11:56.182 [main] UserVerification - User checks all the news headings....
[INFO ] 2024-02-12 11:19:17.145 [main] UserVerification - The webpage launched....
[INFO ] 2024-02-12 11:19:30.948 [main] UserVerification - The user clicked the account manager....
[INFO ] 2024-02-12 11:19:31.089 [main] UserVerification - Got the username and userId....
[INFO ] 2024-02-12 11:19:31.092 [main] UserVerification - Verified the user information....
[INFO ] 2024-02-12 11:19:31.502 [main] UserVerification - User checks all the news headings....
[INFO ] 2024-02-12 11:23:00.881 [main] UserVerification - The webpage launched....
[INFO ] 2024-02-12 11:23:25.153 [main] UserVerification - The user clicked the account manager....
[INFO ] 2024-02-12 11:23:25.295 [main] UserVerification - Got the username and userId....
[INFO ] 2024-02-12 11:23:25.298 [main] UserVerification - Verified the user information....
[INFO ] 2024-02-12 11:23:25.743 [main] UserVerification - User checks all the news headings....
[INFO ] 2024-02-12 11:27:43.752 [main] UserVerification - The webpage launched....
[INFO ] 2024-02-12 11:28:10.357 [main] UserVerification - The webpage launched....
[INFO ] 2024-02-12 11:28:22.718 [main] UserVerification - The user clicked the account manager....
[INFO ] 2024-02-12 11:28:22.864 [main] UserVerification - Got the username and userId....
[INFO ] 2024-02-12 11:28:22.866 [main] UserVerification - Verified the user information....
[INFO ] 2024-02-12 11:28:23.241 [main] UserVerification - User checks all the news headings....
[INFO ] 2024-02-12 11:40:44.303 [main] UserVerification - The webpage launched....
[INFO ] 2024-02-12 11:40:56.835 [main] UserVerification - The user clicked the account manager....
[INFO ] 2024-02-12 11:40:57.192 [main] UserVerification - Got the username and userId....
[INFO ] 2024-02-12 11:40:57.195 [main] UserVerification - Verified the user information....
[INFO ] 2024-02-12 11:40:57.830 [main] UserVerification - User checks all the news headings....
[INFO ] 2024-02-12 11:43:17.790 [main] UserVerification - The webpage launched....
[INFO ] 2024-02-12 11:43:36.566 [main] UserVerification - The user clicked the account manager....
[INFO ] 2024-02-12 11:43:36.721 [main] UserVerification - Got the username and userId....
[INFO ] 2024-02-12 11:43:36.724 [main] UserVerification - Verified the user information....
[INFO ] 2024-02-12 11:43:37.230 [main] UserVerification - User checks all the news headings....
[INFO ] 2024-02-12 12:59:03.324 [main] UserVerification - The webpage launched....
[INFO ] 2024-02-12 12:59:41.356 [main] UserVerification - The user clicked the account manager....
[INFO ] 2024-02-12 12:59:41.504 [main] UserVerification - Got the username and userId....
[INFO ] 2024-02-12 12:59:41.508 [main] UserVerification - Verified the user information....
[INFO ] 2024-02-12 12:59:42.014 [main] UserVerification - User checks all the news headings....
[INFO ] 2024-02-12 13:04:43.238 [main] UserVerification - The webpage launched....
[INFO ] 2024-02-12 13:06:42.619 [main] UserVerification - The webpage launched....
[INFO ] 2024-02-12 13:07:23.240 [main] UserVerification - The user clicked the account manager....
[INFO ] 2024-02-12 13:07:23.404 [main] UserVerification - Got the username and userId....
[INFO ] 2024-02-12 13:07:23.408 [main] UserVerification - Verified the user information....
[INFO ] 2024-02-12 13:07:23.915 [main] UserVerification - User checks all the news headings....
[INFO ] 2024-02-12 13:13:02.845 [main] UserVerification - The webpage launched....
[INFO ] 2024-02-12 13:13:57.586 [main] UserVerification - The webpage launched....
[INFO ] 2024-02-12 13:14:53.024 [main] UserVerification - The webpage launched....
[INFO ] 2024-02-12 13:15:50.263 [main] UserVerification - The user clicked the account manager....
[INFO ] 2024-02-12 13:15:50.454 [main] UserVerification - Got the username and userId....
[INFO ] 2024-02-12 13:15:50.457 [main] UserVerification - Verified the user information....
[INFO ] 2024-02-12 13:15:51.168 [main] UserVerification - User checks all the news headings....
[INFO ] 2024-02-12 13:20:56.979 [main] UserVerification - The webpage launched....
[INFO ] 2024-02-12 13:21:18.110 [main] UserVerification - The user clicked the account manager....
[INFO ] 2024-02-12 13:22:54.590 [main] UserVerification - The webpage launched....
[INFO ] 2024-02-12 13:23:47.857 [main] UserVerification - The user clicked the account manager....
[INFO ] 2024-02-12 13:23:47.960 [main] UserVerification - Got the username and userId....
[INFO ] 2024-02-12 13:23:47.963 [main] UserVerification - Verified the user information....
[INFO ] 2024-02-12 13:23:48.318 [main] UserVerification - User checks all the news headings....
[INFO ] 2024-02-12 13:43:11.569 [main] UserVerification - The webpage launched....
[INFO ] 2024-02-12 13:43:23.985 [main] UserVerification - The user clicked the account manager....
[INFO ] 2024-02-12 13:43:24.220 [main] UserVerification - Got the username and userId....
[INFO ] 2024-02-12 13:43:24.223 [main] UserVerification - Verified the user information....
[INFO ] 2024-02-12 13:43:25.108 [main] UserVerification - User checks all the news headings....
[INFO ] 2024-02-12 13:47:25.736 [main] UserVerification - The webpage launched....
[INFO ] 2024-02-12 13:47:38.070 [main] UserVerification - The user clicked the account manager....
[INFO ] 2024-02-12 13:47:38.183 [main] UserVerification - Got the username and userId....
[INFO ] 2024-02-12 13:47:38.187 [main] UserVerification - Verified the user information....
[INFO ] 2024-02-12 13:47:38.766 [main] UserVerification - User checks all the news headings....
[INFO ] 2024-02-12 13:48:52.033 [main] UserVerification - User clicked and verified all the news....
[INFO ] 2024-02-12 13:48:58.802 [main] UserVerification - Printed the list of apps....
[INFO ] 2024-02-12 14:30:50.554 [main] UserVerification - The webpage launched....
[INFO ] 2024-02-12 14:31:03.070 [main] UserVerification - The user clicked the account manager....
[INFO ] 2024-02-12 14:31:03.202 [main] UserVerification - Got the username and userId....
[INFO ] 2024-02-12 14:31:03.205 [main] UserVerification - Verified the user information....
[INFO ] 2024-02-12 14:31:03.626 [main] UserVerification - User checks all the news headings....
[INFO ] 2024-02-12 14:32:09.352 [main] UserVerification - User clicked and verified all the news....
[INFO ] 2024-02-12 14:32:14.919 [main] UserVerification - Printed the list of apps....
[INFO ] 2024-02-12 14:33:24.244 [main] UserVerification - The webpage launched....
[INFO ] 2024-02-12 14:33:37.979 [main] UserVerification - The user clicked the account manager....
[INFO ] 2024-02-12 14:33:38.131 [main] UserVerification - Got the username and userId....
[INFO ] 2024-02-12 14:33:38.136 [main] UserVerification - Verified the user information....
[INFO ] 2024-02-12 14:33:38.609 [main] UserVerification - User checks all the news headings....
[INFO ] 2024-02-12 14:34:44.652 [main] UserVerification - User clicked and verified all the news....
[INFO ] 2024-02-12 14:35:01.646 [main] UserVerification - Printed the list of apps....
[INFO ] 2024-02-12 14:46:00.146 [main] UserVerification - The webpage launched....
[INFO ] 2024-02-12 14:47:27.510 [main] UserVerification - The user clicked the account manager....
[INFO ] 2024-02-12 14:47:27.612 [main] UserVerification - Got the username and userId....
[INFO ] 2024-02-12 14:47:27.614 [main] UserVerification - Verified the user information....
[INFO ] 2024-02-12 14:47:27.990 [main] UserVerification - User checks all the news headings....
[INFO ] 2024-02-12 14:48:34.711 [main] UserVerification - The webpage launched....
[INFO ] 2024-02-12 14:49:23.873 [main] UserVerification - The webpage launched....
[INFO ] 2024-02-12 14:50:12.947 [main] UserVerification - The webpage launched....
[INFO ] 2024-02-12 14:50:25.287 [main] UserVerification - The user clicked the account manager....
[INFO ] 2024-02-12 14:50:25.429 [main] UserVerification - Got the username and userId....
[INFO ] 2024-02-12 14:50:25.432 [main] UserVerification - Verified the user information....
[INFO ] 2024-02-12 14:50:25.848 [main] UserVerification - User checks all the news headings....
[INFO ] 2024-02-12 14:56:14.867 [main] UserVerification - The webpage launched....
[INFO ] 2024-02-12 14:56:27.275 [main] UserVerification - The user clicked the account manager....
[INFO ] 2024-02-12 14:56:27.403 [main] UserVerification - Got the username and userId....
[INFO ] 2024-02-12 14:56:27.406 [main] UserVerification - Verified the user information....
[INFO ] 2024-02-12 14:56:27.770 [main] UserVerification - User checks all the news headings....
[INFO ] 2024-02-12 15:03:13.836 [main] UserVerification - The webpage launched....
[INFO ] 2024-02-12 15:03:26.235 [main] UserVerification - The user clicked the account manager....
[INFO ] 2024-02-12 15:03:26.406 [main] UserVerification - Got the username and userId....
[INFO ] 2024-02-12 15:03:26.408 [main] UserVerification - Verified the user information....
[INFO ] 2024-02-12 15:03:46.519 [main] UserVerification - User checks all the news headings....
[INFO ] 2024-02-12 15:04:59.229 [main] UserVerification - The webpage launched....
[INFO ] 2024-02-12 15:05:11.688 [main] UserVerification - The user clicked the account manager....
[INFO ] 2024-02-12 15:05:11.814 [main] UserVerification - Got the username and userId....
[INFO ] 2024-02-12 15:05:11.817 [main] UserVerification - Verified the user information....
[INFO ] 2024-02-12 15:05:12.202 [main] UserVerification - User checks all the news headings....
[INFO ] 2024-02-12 15:13:48.604 [main] UserVerification - The webpage launched....
[INFO ] 2024-02-12 15:14:03.068 [main] UserVerification - The user clicked the account manager....
[INFO ] 2024-02-12 15:14:03.217 [main] UserVerification - Got the username and userId....
[INFO ] 2024-02-12 15:14:03.221 [main] UserVerification - Verified the user information....
[INFO ] 2024-02-12 15:14:03.700 [main] UserVerification - User checks all the news headings....
[INFO ] 2024-02-12 15:15:10.521 [main] UserVerification - User clicked and verified all the news....
[INFO ] 2024-02-12 15:15:15.613 [main] UserVerification - Printed the list of apps....
[INFO ] 2024-02-12 15:47:21.629 [main] UserVerification - The webpage launched....
[INFO ] 2024-02-12 15:47:58.258 [main] UserVerification - The user clicked the account manager....
[INFO ] 2024-02-12 15:47:58.427 [main] UserVerification - Got the username and userId....
[INFO ] 2024-02-12 15:47:58.430 [main] UserVerification - Verified the user information....
[INFO ] 2024-02-12 15:47:59.220 [main] UserVerification - User checks all the news headings....
[INFO ] 2024-02-12 15:49:28.832 [main] UserVerification - User clicked and verified all the news....
[INFO ] 2024-02-12 15:55:58.084 [main] UserVerification - The webpage launched....
[INFO ] 2024-02-12 15:56:18.053 [main] UserVerification - The user clicked the account manager....
[INFO ] 2024-02-12 15:56:18.147 [main] UserVerification - Got the username and userId....
[INFO ] 2024-02-12 15:56:18.150 [main] UserVerification - Verified the user information....
[INFO ] 2024-02-12 15:56:18.500 [main] UserVerification - User checks all the news headings....
[INFO ] 2024-02-12 15:57:27.234 [main] UserVerification - User clicked and verified all the news....
[INFO ] 2024-02-12 15:57:31.498 [main] UserVerification - Printed the list of apps....
[INFO ] 2024-02-12 15:59:12.457 [main] UserVerification - The webpage launched....
[INFO ] 2024-02-12 15:59:24.781 [main] UserVerification - The user clicked the account manager....
[INFO ] 2024-02-12 15:59:24.899 [main] UserVerification - Got the username and userId....
[INFO ] 2024-02-12 15:59:24.902 [main] UserVerification - Verified the user information....
[INFO ] 2024-02-12 15:59:25.334 [main] UserVerification - User checks all the news headings....
[INFO ] 2024-02-12 16:00:32.079 [main] UserVerification - User clicked and verified all the news....
[INFO ] 2024-02-12 16:00:36.667 [main] UserVerification - Printed the list of apps....
[INFO ] 2024-02-12 16:24:49.072 [main] UserVerification - The webpage launched....
[INFO ] 2024-02-12 16:25:06.169 [main] UserVerification - The user clicked the account manager....
[INFO ] 2024-02-12 16:25:06.300 [main] UserVerification - Got the username and userId....
[INFO ] 2024-02-12 16:25:06.304 [main] UserVerification - Verified the user information....
[INFO ] 2024-02-12 16:25:06.695 [main] UserVerification - User checks all the news headings....
[INFO ] 2024-02-12 16:26:11.767 [main] UserVerification - User clicked and verified all the news....
[INFO ] 2024-02-12 16:27:40.655 [main] UserVerification - The webpage launched....
[INFO ] 2024-02-12 16:27:53.060 [main] UserVerification - The user clicked the account manager....
[INFO ] 2024-02-12 16:27:53.234 [main] UserVerification - Got the username and userId....
[INFO ] 2024-02-12 16:27:53.237 [main] UserVerification - Verified the user information....
[INFO ] 2024-02-12 16:27:53.768 [main] UserVerification - User checks all the news headings....
[INFO ] 2024-02-12 16:29:02.436 [main] UserVerification - User clicked and verified all the news....
[INFO ] 2024-02-12 16:29:08.042 [main] UserVerification - Printed the list of apps....
[INFO ] 2024-02-12 16:30:41.150 [main] UserVerification - The webpage launched....
[INFO ] 2024-02-12 16:30:53.577 [main] UserVerification - The user clicked the account manager....
[INFO ] 2024-02-12 16:30:53.733 [main] UserVerification - Got the username and userId....
[INFO ] 2024-02-12 16:30:53.736 [main] UserVerification - Verified the user information....
[INFO ] 2024-02-12 16:30:54.317 [main] UserVerification - User checks all the news headings....
[INFO ] 2024-02-12 16:32:31.208 [main] UserVerification - User clicked and verified all the news....
[INFO ] 2024-02-12 16:32:35.826 [main] UserVerification - Printed the list of apps....
[INFO ] 2024-02-12 16:45:11.102 [main] UserVerification - The webpage launched....
[INFO ] 2024-02-12 16:45:23.444 [main] UserVerification - The user clicked the account manager....
[INFO ] 2024-02-12 16:45:25.058 [main] UserVerification - Got the username and userId....
[INFO ] 2024-02-12 16:45:25.061 [main] UserVerification - Verified the user information....
[INFO ] 2024-02-12 16:45:25.393 [main] UserVerification - User checks all the news headings....
[INFO ] 2024-02-12 16:46:32.919 [main] UserVerification - User clicked and verified all the news....
[INFO ] 2024-02-12 16:46:52.432 [main] UserVerification - Printed the list of apps....
[INFO ] 2024-02-12 16:49:54.000 [main] UserVerification - The webpage launched....
[INFO ] 2024-02-12 16:50:06.462 [main] UserVerification - The user clicked the account manager....
[INFO ] 2024-02-12 16:50:06.629 [main] UserVerification - Got the username and userId....
[INFO ] 2024-02-12 16:50:06.631 [main] UserVerification - Verified the user information....
[INFO ] 2024-02-12 16:50:07.098 [main] UserVerification - User checks all the news headings....
[INFO ] 2024-02-12 16:51:17.183 [main] UserVerification - User clicked and verified all the news....
[INFO ] 2024-02-12 16:51:21.479 [main] UserVerification - Printed the list of apps....
[INFO ] 2024-02-12 16:53:44.490 [main] UserVerification - The webpage launched....
[INFO ] 2024-02-12 16:53:56.911 [main] UserVerification - The user clicked the account manager....
[INFO ] 2024-02-12 16:53:57.093 [main] UserVerification - Got the username and userId....
[INFO ] 2024-02-12 16:53:57.096 [main] UserVerification - Verified the user information....
[INFO ] 2024-02-12 16:53:57.565 [main] UserVerification - User checks all the news headings....
[INFO ] 2024-02-12 16:55:03.771 [main] UserVerification - User clicked and verified all the news....
[INFO ] 2024-02-12 16:55:11.615 [main] UserVerification - Printed the list of apps....
[INFO ] 2024-02-12 17:04:59.712 [main] UserVerification - The webpage launched....
[INFO ] 2024-02-12 17:05:12.070 [main] UserVerification - The user clicked the account manager....
[INFO ] 2024-02-12 17:05:12.225 [main] UserVerification - Got the username and userId....
[INFO ] 2024-02-12 17:05:12.227 [main] UserVerification - Verified the user information....
[INFO ] 2024-02-12 17:05:12.879 [main] UserVerification - User checks all the news headings....
[INFO ] 2024-02-12 17:06:42.737 [main] UserVerification - User clicked and verified all the news....
[INFO ] 2024-02-12 17:06:47.543 [main] UserVerification - Printed the list of apps....
[INFO ] 2024-02-12 17:07:59.886 [main] UserVerification - The webpage launched....
[INFO ] 2024-02-12 17:08:12.247 [main] UserVerification - The user clicked the account manager....
[INFO ] 2024-02-12 17:08:12.412 [main] UserVerification - Got the username and userId....
[INFO ] 2024-02-12 17:08:12.415 [main] UserVerification - Verified the user information....
[INFO ] 2024-02-12 17:08:12.944 [main] UserVerification - User checks all the news headings....
[INFO ] 2024-02-12 17:10:22.630 [main] UserVerification - The webpage launched....
[INFO ] 2024-02-12 17:10:35.659 [main] UserVerification - The user clicked the account manager....
[INFO ] 2024-02-12 17:10:35.851 [main] UserVerification - Got the username and userId....
[INFO ] 2024-02-12 17:10:35.854 [main] UserVerification - Verified the user information....
[INFO ] 2024-02-12 17:10:36.380 [main] UserVerification - User checks all the news headings....
[INFO ] 2024-02-12 17:11:46.234 [main] UserVerification - User clicked and verified all the news....
[INFO ] 2024-02-12 17:11:50.853 [main] UserVerification - Printed the list of apps....
[INFO ] 2024-02-12 17:14:24.492 [main] UserVerification - The webpage launched....
[INFO ] 2024-02-12 17:14:38.538 [main] UserVerification - The user clicked the account manager....
[INFO ] 2024-02-12 17:14:38.692 [main] UserVerification - Got the username and userId....
[INFO ] 2024-02-12 17:14:38.695 [main] UserVerification - Verified the user information....
[INFO ] 2024-02-12 17:14:39.102 [main] UserVerification - User checks all the news headings....
[INFO ] 2024-02-12 17:15:57.319 [main] UserVerification - User clicked and verified all the news....
[INFO ] 2024-02-12 17:16:01.525 [main] UserVerification - Printed the list of apps....
[INFO ] 2024-02-12 17:17:15.843 [main] UserVerification - The webpage launched....
[INFO ] 2024-02-12 17:17:28.186 [main] UserVerification - The user clicked the account manager....
[INFO ] 2024-02-12 17:17:28.316 [main] UserVerification - Got the username and userId....
[INFO ] 2024-02-12 17:17:28.319 [main] UserVerification - Verified the user information....
[INFO ] 2024-02-12 17:17:28.695 [main] UserVerification - User checks all the news headings....
[INFO ] 2024-02-12 17:18:33.755 [main] UserVerification - User clicked and verified all the news....
[INFO ] 2024-02-12 17:18:38.174 [main] UserVerification - Printed the list of apps....
[INFO ] 2024-02-13 16:39:28.971 [main] UserVerification - The webpage launched....
[INFO ] 2024-02-13 16:40:14.405 [main] UserVerification - The user clicked the account manager....
[INFO ] 2024-02-13 16:40:16.206 [main] UserVerification - Got the username and userId....
[INFO ] 2024-02-13 16:40:16.211 [main] UserVerification - Verified the user information....
[INFO ] 2024-02-13 16:40:36.387 [main] UserVerification - User checks all the news headings....
[INFO ] 2024-02-13 16:46:10.581 [main] UserVerification - The webpage launched....
[INFO ] 2024-02-13 16:47:19.029 [main] UserVerification - The user clicked the account manager....
[INFO ] 2024-02-13 16:47:19.211 [main] UserVerification - Got the username and userId....
[INFO ] 2024-02-13 16:47:19.214 [main] UserVerification - Verified the user information....
[INFO ] 2024-02-13 16:47:39.358 [main] UserVerification - User checks all the news headings....
[INFO ] 2024-02-13 16:50:40.598 [main] UserVerification - The webpage launched....
[INFO ] 2024-02-13 16:51:01.288 [main] UserVerification - The user clicked the account manager....
[INFO ] 2024-02-13 16:51:01.494 [main] UserVerification - Got the username and userId....
[INFO ] 2024-02-13 16:51:01.499 [main] UserVerification - Verified the user information....
[INFO ] 2024-02-13 16:51:21.748 [main] UserVerification - User checks all the news headings....
[INFO ] 2024-02-13 16:56:17.898 [main] UserVerification - The webpage launched....
[INFO ] 2024-02-13 16:56:41.704 [main] UserVerification - The user clicked the account manager....
[INFO ] 2024-02-13 16:56:41.878 [main] UserVerification - Got the username and userId....
[INFO ] 2024-02-13 16:56:41.882 [main] UserVerification - Verified the user information....
[INFO ] 2024-02-13 16:57:01.981 [main] UserVerification - User checks all the news headings....
[INFO ] 2024-02-13 16:59:16.889 [main] UserVerification - The webpage launched....
[INFO ] 2024-02-13 16:59:55.765 [main] UserVerification - The webpage launched....
[INFO ] 2024-02-13 17:00:22.437 [main] UserVerification - The user clicked the account manager....
[INFO ] 2024-02-13 17:00:22.725 [main] UserVerification - Got the username and userId....
[INFO ] 2024-02-13 17:00:22.729 [main] UserVerification - Verified the user information....
[INFO ] 2024-02-13 17:00:42.886 [main] UserVerification - User checks all the news headings....
[INFO ] 2024-02-13 17:15:36.143 [main] UserVerification - The webpage launched....
[INFO ] 2024-02-13 17:15:52.850 [main] UserVerification - The user clicked the account manager....
[INFO ] 2024-02-13 17:15:52.968 [main] UserVerification - Got the username and userId....
[INFO ] 2024-02-13 17:15:52.970 [main] UserVerification - Verified the user information....
[INFO ] 2024-02-13 17:16:13.097 [main] UserVerification - User checks all the news headings....
[INFO ] 2024-02-13 17:21:32.509 [main] UserVerification - The webpage launched....
[INFO ] 2024-02-13 17:21:50.474 [main] UserVerification - The user clicked the account manager....
[INFO ] 2024-02-13 17:21:50.608 [main] UserVerification - Got the username and userId....
[INFO ] 2024-02-13 17:21:50.610 [main] UserVerification - Verified the user information....
[INFO ] 2024-02-13 17:22:10.728 [main] UserVerification - User checks all the news headings....
[INFO ] 2024-02-14 10:18:01.097 [main] UserVerification - The webpage launched....
[INFO ] 2024-02-14 10:18:13.689 [main] UserVerification - The user clicked the account manager....
[INFO ] 2024-02-14 10:18:14.537 [main] UserVerification - Got the username and userId....
[INFO ] 2024-02-14 10:18:14.540 [main] UserVerification - Verified the user information....
[INFO ] 2024-02-14 10:18:34.646 [main] UserVerification - User checks all the news headings....
[INFO ] 2024-02-14 10:25:02.749 [main] UserVerification - The webpage launched....
[INFO ] 2024-02-14 10:25:15.316 [main] UserVerification - The user clicked the account manager....
[INFO ] 2024-02-14 10:25:16.541 [main] UserVerification - Got the username and userId....
[INFO ] 2024-02-14 10:25:16.544 [main] UserVerification - Verified the user information....
[INFO ] 2024-02-14 10:25:36.805 [main] UserVerification - User checks all the news headings....
[INFO ] 2024-02-14 10:26:43.074 [main] UserVerification - User clicked and verified all the news....
[INFO ] 2024-02-14 10:26:48.473 [main] UserVerification - Printed the list of apps....
[INFO ] 2024-02-14 10:34:41.365 [main] UserVerification - The webpage launched....
[INFO ] 2024-02-14 10:34:56.328 [main] UserVerification - The user clicked the account manager....
[INFO ] 2024-02-14 10:34:57.140 [main] UserVerification - Got the username and userId....
[INFO ] 2024-02-14 10:34:57.142 [main] UserVerification - Verified the user information....
[INFO ] 2024-02-14 10:34:57.500 [main] UserVerification - User checks all the news headings....
[INFO ] 2024-02-14 10:36:02.249 [main] UserVerification - User clicked and verified all the news....
[INFO ] 2024-02-14 10:36:06.817 [main] UserVerification - Printed the list of apps....
[INFO ] 2024-02-14 17:37:52.611 [main] UserVerification - The webpage launched....
[INFO ] 2024-02-14 17:38:07.733 [main] UserVerification - The user clicked the account manager....
[INFO ] 2024-02-14 17:38:08.428 [main] UserVerification - Got the username and userId....
[INFO ] 2024-02-14 17:38:08.431 [main] UserVerification - Verified the user information....
[INFO ] 2024-02-14 17:38:08.826 [main] UserVerification - User checks all the news headings....
[INFO ] 2024-02-14 17:39:11.164 [main] UserVerification - User clicked and verified all the news....
[INFO ] 2024-02-14 17:39:15.748 [main] UserVerification - Printed the list of apps....
[INFO ] 2024-02-15 10:11:52.476 [main] UserVerification - The webpage launched....
[INFO ] 2024-02-15 10:12:05.824 [main] UserVerification - The user clicked the account manager....
[INFO ] 2024-02-15 10:12:06.584 [main] UserVerification - Got the username and userId....
[INFO ] 2024-02-15 10:12:06.587 [main] UserVerification - Verified the user information....
[INFO ] 2024-02-15 10:12:07.236 [main] UserVerification - User checks all the news headings....
[INFO ] 2024-02-15 10:13:10.529 [main] UserVerification - User clicked and verified all the news....
[INFO ] 2024-02-15 10:13:15.051 [main] UserVerification - Printed the list of apps....
[INFO ] 2024-02-15 10:30:04.965 [main] UserVerification - The webpage launched....
[INFO ] 2024-02-15 10:30:20.381 [main] UserVerification - The user clicked the account manager....
[INFO ] 2024-02-15 10:30:21.396 [main] UserVerification - Got the username and userId....
[INFO ] 2024-02-15 10:30:21.399 [main] UserVerification - Verified the user information....
[INFO ] 2024-02-15 10:30:21.782 [main] UserVerification - User checks all the news headings....
[INFO ] 2024-02-15 10:31:25.161 [main] UserVerification - User clicked and verified all the news....
[INFO ] 2024-02-15 10:31:29.879 [main] UserVerification - Printed the list of apps....
[INFO ] 2024-02-15 10:58:29.463 [main] UserVerification - The webpage launched....
[INFO ] 2024-02-15 10:59:12.152 [main] UserVerification - The user clicked the account manager....
[INFO ] 2024-02-15 10:59:12.245 [main] UserVerification - Got the username and userId....
[INFO ] 2024-02-15 10:59:12.247 [main] UserVerification - Verified the user information....
[INFO ] 2024-02-15 10:59:12.540 [main] UserVerification - User checks all the news headings....
[INFO ] 2024-02-15 11:00:18.735 [main] UserVerification - User clicked and verified all the news....
[INFO ] 2024-02-15 11:00:23.227 [main] UserVerification - Printed the list of apps....
[INFO ] 2024-02-15 11:31:57.905 [main] UserVerification - The webpage launched....
[INFO ] 2024-02-15 11:32:15.144 [main] UserVerification - The user clicked the account manager....
[INFO ] 2024-02-15 11:32:15.752 [main] UserVerification - Got the username and userId....
[INFO ] 2024-02-15 11:32:15.755 [main] UserVerification - Verified the user information....
[INFO ] 2024-02-15 11:32:16.204 [main] UserVerification - User checks all the news headings....
[INFO ] 2024-02-15 11:33:21.920 [main] UserVerification - User clicked and verified all the news....
[INFO ] 2024-02-19 10:04:54.864 [main] UserVerification - The webpage launched....
[INFO ] 2024-02-19 10:06:37.270 [main] UserVerification - The webpage launched....
[INFO ] 2024-02-19 10:08:38.119 [main] UserVerification - The webpage launched....
[INFO ] 2024-02-19 10:10:49.044 [main] UserVerification - The webpage launched....
[INFO ] 2024-02-19 10:12:47.994 [main] UserVerification - The webpage launched....
[INFO ] 2024-02-19 10:13:25.556 [main] UserVerification - The user clicked the account manager....
[INFO ] 2024-02-19 10:13:25.810 [main] UserVerification - Got the username and userId....
[INFO ] 2024-02-19 10:13:25.813 [main] UserVerification - Verified the user information....
[INFO ] 2024-02-19 10:13:26.901 [main] UserVerification - User checks all the news headings....
[INFO ] 2024-02-19 10:15:47.679 [main] UserVerification - User clicked and verified all the news....
[INFO ] 2024-02-19 10:17:52.412 [main] UserVerification - The webpage launched....
[INFO ] 2024-02-19 10:18:27.518 [main] UserVerification - The user clicked the account manager....
[INFO ] 2024-02-19 10:18:32.567 [main] UserVerification - Got the username and userId....
[INFO ] 2024-02-19 10:18:32.570 [main] UserVerification - Verified the user information....
[INFO ] 2024-02-19 10:18:33.685 [main] UserVerification - User checks all the news headings....
[INFO ] 2024-02-19 10:20:04.185 [main] UserVerification - User clicked and verified all the news....
[INFO ] 2024-02-19 10:26:11.788 [main] UserVerification - The webpage launched....
[INFO ] 2024-02-19 10:26:25.148 [main] UserVerification - The user clicked the account manager....
[INFO ] 2024-02-19 10:26:26.307 [main] UserVerification - Got the username and userId....
[INFO ] 2024-02-19 10:26:26.310 [main] UserVerification - Verified the user information....
[INFO ] 2024-02-19 10:26:27.372 [main] UserVerification - User checks all the news headings....
[INFO ] 2024-02-19 11:13:50.127 [main] UserVerification - The webpage launched....
[INFO ] 2024-02-19 11:14:04.455 [main] UserVerification - The user clicked the account manager....
[INFO ] 2024-02-19 11:14:05.118 [main] UserVerification - Got the username and userId....
[INFO ] 2024-02-19 11:14:05.120 [main] UserVerification - Verified the user information....
[INFO ] 2024-02-19 11:14:06.140 [main] UserVerification - User checks all the news headings....
[INFO ] 2024-02-19 11:15:16.801 [main] UserVerification - User clicked and verified all the news....
[INFO ] 2024-02-19 11:15:21.637 [main] UserVerification - Printed the list of apps....
